[2024-05-30 16:08:36] local.ERROR: The file "F:\all project\nitebiz\database\maxmind/GeoLite2-City.mmdb" does not exist or is not readable. {"userId":1,"exception":"[object] (InvalidArgumentException(code: 0): The file \"F:\\all project\\nitebiz\\database\\maxmind/GeoLite2-City.mmdb\" does not exist or is not readable. at F:\\all project\\nitebiz\\vendor\\maxmind-db\\reader\\src\\MaxMind\\Db\\Reader.php:85)
[stacktrace]
#0 F:\\all project\\nitebiz\\vendor\\geoip2\\geoip2\\src\\Database\\Reader.php(76): MaxMind\\Db\\Reader->__construct('F:\\\\all project\\\\...')
#1 F:\\all project\\nitebiz\\vendor\\stevebauman\\location\\src\\Drivers\\MaxMind.php(163): GeoIp2\\Database\\Reader->__construct('F:\\\\all project\\\\...')
#2 F:\\all project\\nitebiz\\vendor\\stevebauman\\location\\src\\Drivers\\MaxMind.php(141): Stevebauman\\Location\\Drivers\\MaxMind->newReader('F:\\\\all project\\\\...')
#3 F:\\all project\\nitebiz\\vendor\\stevebauman\\location\\src\\Drivers\\MaxMind.php(108): Stevebauman\\Location\\Drivers\\MaxMind->fetchLocation('127.0.0.1')
#4 F:\\all project\\nitebiz\\vendor\\laravel\\framework\\src\\Illuminate\\Foundation\\helpers.php(741): Stevebauman\\Location\\Drivers\\MaxMind->Stevebauman\\Location\\Drivers\\{closure}()
#5 F:\\all project\\nitebiz\\vendor\\stevebauman\\location\\src\\Drivers\\MaxMind.php(129): rescue(Object(Closure), false)
#6 F:\\all project\\nitebiz\\vendor\\stevebauman\\location\\src\\Drivers\\Driver.php(33): Stevebauman\\Location\\Drivers\\MaxMind->process(Object(Stevebauman\\Location\\LocationRequest))
#7 F:\\all project\\nitebiz\\vendor\\stevebauman\\location\\src\\Drivers\\Driver.php(51): Stevebauman\\Location\\Drivers\\Driver->get(Object(Stevebauman\\Location\\LocationRequest))
#8 F:\\all project\\nitebiz\\vendor\\stevebauman\\location\\src\\Drivers\\Driver.php(51): Stevebauman\\Location\\Drivers\\Driver->get(Object(Stevebauman\\Location\\LocationRequest))
#9 F:\\all project\\nitebiz\\vendor\\stevebauman\\location\\src\\Drivers\\Driver.php(51): Stevebauman\\Location\\Drivers\\Driver->get(Object(Stevebauman\\Location\\LocationRequest))
#10 F:\\all project\\nitebiz\\vendor\\stevebauman\\location\\src\\Drivers\\Driver.php(51): Stevebauman\\Location\\Drivers\\Driver->get(Object(Stevebauman\\Location\\LocationRequest))
#11 F:\\all project\\nitebiz\\vendor\\stevebauman\\location\\src\\LocationManager.php(72): Stevebauman\\Location\\Drivers\\Driver->get(Object(Stevebauman\\Location\\LocationRequest))
#12 F:\\all project\\nitebiz\\vendor\\laravel\\framework\\src\\Illuminate\\Support\\Facades\\Facade.php(355): Stevebauman\\Location\\LocationManager->get('127.0.0.1')
#13 F:\\all project\\nitebiz\\app\\Http\\Middleware\\VisitorCounter.php(24): Illuminate\\Support\\Facades\\Facade::__callStatic('get', Array)
#14 F:\\all project\\nitebiz\\vendor\\laravel\\framework\\src\\Illuminate\\Pipeline\\Pipeline.php(183): App\\Http\\Middleware\\VisitorCounter->handle(Object(Illuminate\\Http\\Request), Object(Closure))
#15 F:\\all project\\nitebiz\\vendor\\laravel\\framework\\src\\Illuminate\\Routing\\Middleware\\SubstituteBindings.php(50): Illuminate\\Pipeline\\Pipeline->Illuminate\\Pipeline\\{closure}(Object(Illuminate\\Http\\Request))
#16 F:\\all project\\nitebiz\\vendor\\laravel\\framework\\src\\Illuminate\\Pipeline\\Pipeline.php(183): Illuminate\\Routing\\Middleware\\SubstituteBindings->handle(Object(Illuminate\\Http\\Request), Object(Closure))
#17 F:\\all project\\nitebiz\\vendor\\laravel\\framework\\src\\Illuminate\\Auth\\Middleware\\Authenticate.php(57): Illuminate\\Pipeline\\Pipeline->Illuminate\\Pipeline\\{closure}(Object(Illuminate\\Http\\Request))
#18 F:\\all project\\nitebiz\\vendor\\laravel\\framework\\src\\Illuminate\\Pipeline\\Pipeline.php(183): Illuminate\\Auth\\Middleware\\Authenticate->handle(Object(Illuminate\\Http\\Request), Object(Closure))
#19 F:\\all project\\nitebiz\\vendor\\laravel\\framework\\src\\Illuminate\\Foundation\\Http\\Middleware\\VerifyCsrfToken.php(78): Illuminate\\Pipeline\\Pipeline->Illuminate\\Pipeline\\{closure}(Object(Illuminate\\Http\\Request))
#20 F:\\all project\\nitebiz\\vendor\\laravel\\framework\\src\\Illuminate\\Pipeline\\Pipeline.php(183): Illuminate\\Foundation\\Http\\Middleware\\VerifyCsrfToken->handle(Object(Illuminate\\Http\\Request), Object(Closure))
#21 F:\\all project\\nitebiz\\vendor\\laravel\\framework\\src\\Illuminate\\View\\Middleware\\ShareErrorsFromSession.php(49): Illuminate\\Pipeline\\Pipeline->Illuminate\\Pipeline\\{closure}(Object(Illuminate\\Http\\Request))
#22 F:\\all project\\nitebiz\\vendor\\laravel\\framework\\src\\Illuminate\\Pipeline\\Pipeline.php(183): Illuminate\\View\\Middleware\\ShareErrorsFromSession->handle(Object(Illuminate\\Http\\Request), Object(Closure))
#23 F:\\all project\\nitebiz\\vendor\\laravel\\framework\\src\\Illuminate\\Session\\Middleware\\StartSession.php(121): Illuminate\\Pipeline\\Pipeline->Illuminate\\Pipeline\\{closure}(Object(Illuminate\\Http\\Request))
#24 F:\\all project\\nitebiz\\vendor\\laravel\\framework\\src\\Illuminate\\Session\\Middleware\\StartSession.php(64): Illuminate\\Session\\Middleware\\StartSession->handleStatefulRequest(Object(Illuminate\\Http\\Request), Object(Illuminate\\Session\\Store), Object(Closure))
#25 F:\\all project\\nitebiz\\vendor\\laravel\\framework\\src\\Illuminate\\Pipeline\\Pipeline.php(183): Illuminate\\Session\\Middleware\\StartSession->handle(Object(Illuminate\\Http\\Request), Object(Closure))
#26 F:\\all project\\nitebiz\\vendor\\laravel\\framework\\src\\Illuminate\\Cookie\\Middleware\\AddQueuedCookiesToResponse.php(37): Illuminate\\Pipeline\\Pipeline->Illuminate\\Pipeline\\{closure}(Object(Illuminate\\Http\\Request))
#27 F:\\all project\\nitebiz\\vendor\\laravel\\framework\\src\\Illuminate\\Pipeline\\Pipeline.php(183): Illuminate\\Cookie\\Middleware\\AddQueuedCookiesToResponse->handle(Object(Illuminate\\Http\\Request), Object(Closure))
#28 F:\\all project\\nitebiz\\vendor\\laravel\\framework\\src\\Illuminate\\Cookie\\Middleware\\EncryptCookies.php(67): Illuminate\\Pipeline\\Pipeline->Illuminate\\Pipeline\\{closure}(Object(Illuminate\\Http\\Request))
#29 F:\\all project\\nitebiz\\vendor\\laravel\\framework\\src\\Illuminate\\Pipeline\\Pipeline.php(183): Illuminate\\Cookie\\Middleware\\EncryptCookies->handle(Object(Illuminate\\Http\\Request), Object(Closure))
#30 F:\\all project\\nitebiz\\vendor\\laravel\\framework\\src\\Illuminate\\Pipeline\\Pipeline.php(119): Illuminate\\Pipeline\\Pipeline->Illuminate\\Pipeline\\{closure}(Object(Illuminate\\Http\\Request))
#31 F:\\all project\\nitebiz\\vendor\\laravel\\framework\\src\\Illuminate\\Routing\\Router.php(807): Illuminate\\Pipeline\\Pipeline->then(Object(Closure))
#32 F:\\all project\\nitebiz\\vendor\\laravel\\framework\\src\\Illuminate\\Routing\\Router.php(784): Illuminate\\Routing\\Router->runRouteWithinStack(Object(Illuminate\\Routing\\Route), Object(Illuminate\\Http\\Request))
#33 F:\\all project\\nitebiz\\vendor\\laravel\\framework\\src\\Illuminate\\Routing\\Router.php(748): Illuminate\\Routing\\Router->runRoute(Object(Illuminate\\Http\\Request), Object(Illuminate\\Routing\\Route))
#34 F:\\all project\\nitebiz\\vendor\\laravel\\framework\\src\\Illuminate\\Routing\\Router.php(737): Illuminate\\Routing\\Router->dispatchToRoute(Object(Illuminate\\Http\\Request))
#35 F:\\all project\\nitebiz\\vendor\\laravel\\framework\\src\\Illuminate\\Foundation\\Http\\Kernel.php(200): Illuminate\\Routing\\Router->dispatch(Object(Illuminate\\Http\\Request))
#36 F:\\all project\\nitebiz\\vendor\\laravel\\framework\\src\\Illuminate\\Pipeline\\Pipeline.php(144): Illuminate\\Foundation\\Http\\Kernel->Illuminate\\Foundation\\Http\\{closure}(Object(Illuminate\\Http\\Request))
#37 F:\\all project\\nitebiz\\vendor\\laravel\\framework\\src\\Illuminate\\Foundation\\Http\\Middleware\\TransformsRequest.php(21): Illuminate\\Pipeline\\Pipeline->Illuminate\\Pipeline\\{closure}(Object(Illuminate\\Http\\Request))
#38 F:\\all project\\nitebiz\\vendor\\laravel\\framework\\src\\Illuminate\\Foundation\\Http\\Middleware\\ConvertEmptyStringsToNull.php(31): Illuminate\\Foundation\\Http\\Middleware\\TransformsRequest->handle(Object(Illuminate\\Http\\Request), Object(Closure))
#39 F:\\all project\\nitebiz\\vendor\\laravel\\framework\\src\\Illuminate\\Pipeline\\Pipeline.php(183): Illuminate\\Foundation\\Http\\Middleware\\ConvertEmptyStringsToNull->handle(Object(Illuminate\\Http\\Request), Object(Closure))
#40 F:\\all project\\nitebiz\\vendor\\laravel\\framework\\src\\Illuminate\\Foundation\\Http\\Middleware\\TransformsRequest.php(21): Illuminate\\Pipeline\\Pipeline->Illuminate\\Pipeline\\{closure}(Object(Illuminate\\Http\\Request))
#41 F:\\all project\\nitebiz\\vendor\\laravel\\framework\\src\\Illuminate\\Foundation\\Http\\Middleware\\TrimStrings.php(40): Illuminate\\Foundation\\Http\\Middleware\\TransformsRequest->handle(Object(Illuminate\\Http\\Request), Object(Closure))
#42 F:\\all project\\nitebiz\\vendor\\laravel\\framework\\src\\Illuminate\\Pipeline\\Pipeline.php(183): Illuminate\\Foundation\\Http\\Middleware\\TrimStrings->handle(Object(Illuminate\\Http\\Request), Object(Closure))
#43 F:\\all project\\nitebiz\\vendor\\laravel\\framework\\src\\Illuminate\\Foundation\\Http\\Middleware\\ValidatePostSize.php(27): Illuminate\\Pipeline\\Pipeline->Illuminate\\Pipeline\\{closure}(Object(Illuminate\\Http\\Request))
#44 F:\\all project\\nitebiz\\vendor\\laravel\\framework\\src\\Illuminate\\Pipeline\\Pipeline.php(183): Illuminate\\Foundation\\Http\\Middleware\\ValidatePostSize->handle(Object(Illuminate\\Http\\Request), Object(Closure))
#45 F:\\all project\\nitebiz\\vendor\\laravel\\framework\\src\\Illuminate\\Foundation\\Http\\Middleware\\PreventRequestsDuringMaintenance.php(99): Illuminate\\Pipeline\\Pipeline->Illuminate\\Pipeline\\{closure}(Object(Illuminate\\Http\\Request))
#46 F:\\all project\\nitebiz\\vendor\\laravel\\framework\\src\\Illuminate\\Pipeline\\Pipeline.php(183): Illuminate\\Foundation\\Http\\Middleware\\PreventRequestsDuringMaintenance->handle(Object(Illuminate\\Http\\Request), Object(Closure))
#47 F:\\all project\\nitebiz\\vendor\\laravel\\framework\\src\\Illuminate\\Http\\Middleware\\HandleCors.php(49): Illuminate\\Pipeline\\Pipeline->Illuminate\\Pipeline\\{closure}(Object(Illuminate\\Http\\Request))
#48 F:\\all project\\nitebiz\\vendor\\laravel\\framework\\src\\Illuminate\\Pipeline\\Pipeline.php(183): Illuminate\\Http\\Middleware\\HandleCors->handle(Object(Illuminate\\Http\\Request), Object(Closure))
#49 F:\\all project\\nitebiz\\vendor\\laravel\\framework\\src\\Illuminate\\Http\\Middleware\\TrustProxies.php(39): Illuminate\\Pipeline\\Pipeline->Illuminate\\Pipeline\\{closure}(Object(Illuminate\\Http\\Request))
#50 F:\\all project\\nitebiz\\vendor\\laravel\\framework\\src\\Illuminate\\Pipeline\\Pipeline.php(183): Illuminate\\Http\\Middleware\\TrustProxies->handle(Object(Illuminate\\Http\\Request), Object(Closure))
#51 F:\\all project\\nitebiz\\vendor\\laravel\\framework\\src\\Illuminate\\Pipeline\\Pipeline.php(119): Illuminate\\Pipeline\\Pipeline->Illuminate\\Pipeline\\{closure}(Object(Illuminate\\Http\\Request))
#52 F:\\all project\\nitebiz\\vendor\\laravel\\framework\\src\\Illuminate\\Foundation\\Http\\Kernel.php(175): Illuminate\\Pipeline\\Pipeline->then(Object(Closure))
#53 F:\\all project\\nitebiz\\vendor\\laravel\\framework\\src\\Illuminate\\Foundation\\Http\\Kernel.php(144): Illuminate\\Foundation\\Http\\Kernel->sendRequestThroughRouter(Object(Illuminate\\Http\\Request))
#54 F:\\all project\\nitebiz\\public\\index.php(52): Illuminate\\Foundation\\Http\\Kernel->handle(Object(Illuminate\\Http\\Request))
#55 F:\\all project\\nitebiz\\vendor\\laravel\\framework\\src\\Illuminate\\Foundation\\resources\\server.php(16): require_once('F:\\\\all project\\\\...')
#56 {main}
"} 
[2024-05-30 16:08:36] local.INFO: Visitor IP: 127.0.0.1  
[2024-05-30 16:08:36] local.INFO: Raw Location Data:  [false] 
[2024-05-30 16:08:47] local.ERROR: The file "F:\all project\nitebiz\database\maxmind/GeoLite2-City.mmdb" does not exist or is not readable. {"userId":1,"exception":"[object] (InvalidArgumentException(code: 0): The file \"F:\\all project\\nitebiz\\database\\maxmind/GeoLite2-City.mmdb\" does not exist or is not readable. at F:\\all project\\nitebiz\\vendor\\maxmind-db\\reader\\src\\MaxMind\\Db\\Reader.php:85)
[stacktrace]
#0 F:\\all project\\nitebiz\\vendor\\geoip2\\geoip2\\src\\Database\\Reader.php(76): MaxMind\\Db\\Reader->__construct('F:\\\\all project\\\\...')
#1 F:\\all project\\nitebiz\\vendor\\stevebauman\\location\\src\\Drivers\\MaxMind.php(163): GeoIp2\\Database\\Reader->__construct('F:\\\\all project\\\\...')
#2 F:\\all project\\nitebiz\\vendor\\stevebauman\\location\\src\\Drivers\\MaxMind.php(141): Stevebauman\\Location\\Drivers\\MaxMind->newReader('F:\\\\all project\\\\...')
#3 F:\\all project\\nitebiz\\vendor\\stevebauman\\location\\src\\Drivers\\MaxMind.php(108): Stevebauman\\Location\\Drivers\\MaxMind->fetchLocation('127.0.0.1')
#4 F:\\all project\\nitebiz\\vendor\\laravel\\framework\\src\\Illuminate\\Foundation\\helpers.php(741): Stevebauman\\Location\\Drivers\\MaxMind->Stevebauman\\Location\\Drivers\\{closure}()
#5 F:\\all project\\nitebiz\\vendor\\stevebauman\\location\\src\\Drivers\\MaxMind.php(129): rescue(Object(Closure), false)
#6 F:\\all project\\nitebiz\\vendor\\stevebauman\\location\\src\\Drivers\\Driver.php(33): Stevebauman\\Location\\Drivers\\MaxMind->process(Object(Stevebauman\\Location\\LocationRequest))
#7 F:\\all project\\nitebiz\\vendor\\stevebauman\\location\\src\\Drivers\\Driver.php(51): Stevebauman\\Location\\Drivers\\Driver->get(Object(Stevebauman\\Location\\LocationRequest))
#8 F:\\all project\\nitebiz\\vendor\\stevebauman\\location\\src\\Drivers\\Driver.php(51): Stevebauman\\Location\\Drivers\\Driver->get(Object(Stevebauman\\Location\\LocationRequest))
#9 F:\\all project\\nitebiz\\vendor\\stevebauman\\location\\src\\Drivers\\Driver.php(51): Stevebauman\\Location\\Drivers\\Driver->get(Object(Stevebauman\\Location\\LocationRequest))
#10 F:\\all project\\nitebiz\\vendor\\stevebauman\\location\\src\\Drivers\\Driver.php(51): Stevebauman\\Location\\Drivers\\Driver->get(Object(Stevebauman\\Location\\LocationRequest))
#11 F:\\all project\\nitebiz\\vendor\\stevebauman\\location\\src\\LocationManager.php(72): Stevebauman\\Location\\Drivers\\Driver->get(Object(Stevebauman\\Location\\LocationRequest))
#12 F:\\all project\\nitebiz\\vendor\\laravel\\framework\\src\\Illuminate\\Support\\Facades\\Facade.php(355): Stevebauman\\Location\\LocationManager->get('127.0.0.1')
#13 F:\\all project\\nitebiz\\app\\Http\\Middleware\\VisitorCounter.php(24): Illuminate\\Support\\Facades\\Facade::__callStatic('get', Array)
#14 F:\\all project\\nitebiz\\vendor\\laravel\\framework\\src\\Illuminate\\Pipeline\\Pipeline.php(183): App\\Http\\Middleware\\VisitorCounter->handle(Object(Illuminate\\Http\\Request), Object(Closure))
#15 F:\\all project\\nitebiz\\vendor\\laravel\\framework\\src\\Illuminate\\Routing\\Middleware\\SubstituteBindings.php(50): Illuminate\\Pipeline\\Pipeline->Illuminate\\Pipeline\\{closure}(Object(Illuminate\\Http\\Request))
#16 F:\\all project\\nitebiz\\vendor\\laravel\\framework\\src\\Illuminate\\Pipeline\\Pipeline.php(183): Illuminate\\Routing\\Middleware\\SubstituteBindings->handle(Object(Illuminate\\Http\\Request), Object(Closure))
#17 F:\\all project\\nitebiz\\vendor\\laravel\\framework\\src\\Illuminate\\Foundation\\Http\\Middleware\\VerifyCsrfToken.php(78): Illuminate\\Pipeline\\Pipeline->Illuminate\\Pipeline\\{closure}(Object(Illuminate\\Http\\Request))
#18 F:\\all project\\nitebiz\\vendor\\laravel\\framework\\src\\Illuminate\\Pipeline\\Pipeline.php(183): Illuminate\\Foundation\\Http\\Middleware\\VerifyCsrfToken->handle(Object(Illuminate\\Http\\Request), Object(Closure))
#19 F:\\all project\\nitebiz\\vendor\\laravel\\framework\\src\\Illuminate\\View\\Middleware\\ShareErrorsFromSession.php(49): Illuminate\\Pipeline\\Pipeline->Illuminate\\Pipeline\\{closure}(Object(Illuminate\\Http\\Request))
#20 F:\\all project\\nitebiz\\vendor\\laravel\\framework\\src\\Illuminate\\Pipeline\\Pipeline.php(183): Illuminate\\View\\Middleware\\ShareErrorsFromSession->handle(Object(Illuminate\\Http\\Request), Object(Closure))
#21 F:\\all project\\nitebiz\\vendor\\laravel\\framework\\src\\Illuminate\\Session\\Middleware\\StartSession.php(121): Illuminate\\Pipeline\\Pipeline->Illuminate\\Pipeline\\{closure}(Object(Illuminate\\Http\\Request))
#22 F:\\all project\\nitebiz\\vendor\\laravel\\framework\\src\\Illuminate\\Session\\Middleware\\StartSession.php(64): Illuminate\\Session\\Middleware\\StartSession->handleStatefulRequest(Object(Illuminate\\Http\\Request), Object(Illuminate\\Session\\Store), Object(Closure))
#23 F:\\all project\\nitebiz\\vendor\\laravel\\framework\\src\\Illuminate\\Pipeline\\Pipeline.php(183): Illuminate\\Session\\Middleware\\StartSession->handle(Object(Illuminate\\Http\\Request), Object(Closure))
#24 F:\\all project\\nitebiz\\vendor\\laravel\\framework\\src\\Illuminate\\Cookie\\Middleware\\AddQueuedCookiesToResponse.php(37): Illuminate\\Pipeline\\Pipeline->Illuminate\\Pipeline\\{closure}(Object(Illuminate\\Http\\Request))
#25 F:\\all project\\nitebiz\\vendor\\laravel\\framework\\src\\Illuminate\\Pipeline\\Pipeline.php(183): Illuminate\\Cookie\\Middleware\\AddQueuedCookiesToResponse->handle(Object(Illuminate\\Http\\Request), Object(Closure))
#26 F:\\all project\\nitebiz\\vendor\\laravel\\framework\\src\\Illuminate\\Cookie\\Middleware\\EncryptCookies.php(67): Illuminate\\Pipeline\\Pipeline->Illuminate\\Pipeline\\{closure}(Object(Illuminate\\Http\\Request))
#27 F:\\all project\\nitebiz\\vendor\\laravel\\framework\\src\\Illuminate\\Pipeline\\Pipeline.php(183): Illuminate\\Cookie\\Middleware\\EncryptCookies->handle(Object(Illuminate\\Http\\Request), Object(Closure))
#28 F:\\all project\\nitebiz\\vendor\\laravel\\framework\\src\\Illuminate\\Pipeline\\Pipeline.php(119): Illuminate\\Pipeline\\Pipeline->Illuminate\\Pipeline\\{closure}(Object(Illuminate\\Http\\Request))
#29 F:\\all project\\nitebiz\\vendor\\laravel\\framework\\src\\Illuminate\\Routing\\Router.php(807): Illuminate\\Pipeline\\Pipeline->then(Object(Closure))
#30 F:\\all project\\nitebiz\\vendor\\laravel\\framework\\src\\Illuminate\\Routing\\Router.php(784): Illuminate\\Routing\\Router->runRouteWithinStack(Object(Illuminate\\Routing\\Route), Object(Illuminate\\Http\\Request))
#31 F:\\all project\\nitebiz\\vendor\\laravel\\framework\\src\\Illuminate\\Routing\\Router.php(748): Illuminate\\Routing\\Router->runRoute(Object(Illuminate\\Http\\Request), Object(Illuminate\\Routing\\Route))
#32 F:\\all project\\nitebiz\\vendor\\laravel\\framework\\src\\Illuminate\\Routing\\Router.php(737): Illuminate\\Routing\\Router->dispatchToRoute(Object(Illuminate\\Http\\Request))
#33 F:\\all project\\nitebiz\\vendor\\laravel\\framework\\src\\Illuminate\\Foundation\\Http\\Kernel.php(200): Illuminate\\Routing\\Router->dispatch(Object(Illuminate\\Http\\Request))
#34 F:\\all project\\nitebiz\\vendor\\laravel\\framework\\src\\Illuminate\\Pipeline\\Pipeline.php(144): Illuminate\\Foundation\\Http\\Kernel->Illuminate\\Foundation\\Http\\{closure}(Object(Illuminate\\Http\\Request))
#35 F:\\all project\\nitebiz\\vendor\\laravel\\framework\\src\\Illuminate\\Foundation\\Http\\Middleware\\TransformsRequest.php(21): Illuminate\\Pipeline\\Pipeline->Illuminate\\Pipeline\\{closure}(Object(Illuminate\\Http\\Request))
#36 F:\\all project\\nitebiz\\vendor\\laravel\\framework\\src\\Illuminate\\Foundation\\Http\\Middleware\\ConvertEmptyStringsToNull.php(31): Illuminate\\Foundation\\Http\\Middleware\\TransformsRequest->handle(Object(Illuminate\\Http\\Request), Object(Closure))
#37 F:\\all project\\nitebiz\\vendor\\laravel\\framework\\src\\Illuminate\\Pipeline\\Pipeline.php(183): Illuminate\\Foundation\\Http\\Middleware\\ConvertEmptyStringsToNull->handle(Object(Illuminate\\Http\\Request), Object(Closure))
#38 F:\\all project\\nitebiz\\vendor\\laravel\\framework\\src\\Illuminate\\Foundation\\Http\\Middleware\\TransformsRequest.php(21): Illuminate\\Pipeline\\Pipeline->Illuminate\\Pipeline\\{closure}(Object(Illuminate\\Http\\Request))
#39 F:\\all project\\nitebiz\\vendor\\laravel\\framework\\src\\Illuminate\\Foundation\\Http\\Middleware\\TrimStrings.php(40): Illuminate\\Foundation\\Http\\Middleware\\TransformsRequest->handle(Object(Illuminate\\Http\\Request), Object(Closure))
#40 F:\\all project\\nitebiz\\vendor\\laravel\\framework\\src\\Illuminate\\Pipeline\\Pipeline.php(183): Illuminate\\Foundation\\Http\\Middleware\\TrimStrings->handle(Object(Illuminate\\Http\\Request), Object(Closure))
#41 F:\\all project\\nitebiz\\vendor\\laravel\\framework\\src\\Illuminate\\Foundation\\Http\\Middleware\\ValidatePostSize.php(27): Illuminate\\Pipeline\\Pipeline->Illuminate\\Pipeline\\{closure}(Object(Illuminate\\Http\\Request))
#42 F:\\all project\\nitebiz\\vendor\\laravel\\framework\\src\\Illuminate\\Pipeline\\Pipeline.php(183): Illuminate\\Foundation\\Http\\Middleware\\ValidatePostSize->handle(Object(Illuminate\\Http\\Request), Object(Closure))
#43 F:\\all project\\nitebiz\\vendor\\laravel\\framework\\src\\Illuminate\\Foundation\\Http\\Middleware\\PreventRequestsDuringMaintenance.php(99): Illuminate\\Pipeline\\Pipeline->Illuminate\\Pipeline\\{closure}(Object(Illuminate\\Http\\Request))
#44 F:\\all project\\nitebiz\\vendor\\laravel\\framework\\src\\Illuminate\\Pipeline\\Pipeline.php(183): Illuminate\\Foundation\\Http\\Middleware\\PreventRequestsDuringMaintenance->handle(Object(Illuminate\\Http\\Request), Object(Closure))
#45 F:\\all project\\nitebiz\\vendor\\laravel\\framework\\src\\Illuminate\\Http\\Middleware\\HandleCors.php(49): Illuminate\\Pipeline\\Pipeline->Illuminate\\Pipeline\\{closure}(Object(Illuminate\\Http\\Request))
#46 F:\\all project\\nitebiz\\vendor\\laravel\\framework\\src\\Illuminate\\Pipeline\\Pipeline.php(183): Illuminate\\Http\\Middleware\\HandleCors->handle(Object(Illuminate\\Http\\Request), Object(Closure))
#47 F:\\all project\\nitebiz\\vendor\\laravel\\framework\\src\\Illuminate\\Http\\Middleware\\TrustProxies.php(39): Illuminate\\Pipeline\\Pipeline->Illuminate\\Pipeline\\{closure}(Object(Illuminate\\Http\\Request))
#48 F:\\all project\\nitebiz\\vendor\\laravel\\framework\\src\\Illuminate\\Pipeline\\Pipeline.php(183): Illuminate\\Http\\Middleware\\TrustProxies->handle(Object(Illuminate\\Http\\Request), Object(Closure))
#49 F:\\all project\\nitebiz\\vendor\\laravel\\framework\\src\\Illuminate\\Pipeline\\Pipeline.php(119): Illuminate\\Pipeline\\Pipeline->Illuminate\\Pipeline\\{closure}(Object(Illuminate\\Http\\Request))
#50 F:\\all project\\nitebiz\\vendor\\laravel\\framework\\src\\Illuminate\\Foundation\\Http\\Kernel.php(175): Illuminate\\Pipeline\\Pipeline->then(Object(Closure))
#51 F:\\all project\\nitebiz\\vendor\\laravel\\framework\\src\\Illuminate\\Foundation\\Http\\Kernel.php(144): Illuminate\\Foundation\\Http\\Kernel->sendRequestThroughRouter(Object(Illuminate\\Http\\Request))
#52 F:\\all project\\nitebiz\\public\\index.php(52): Illuminate\\Foundation\\Http\\Kernel->handle(Object(Illuminate\\Http\\Request))
#53 F:\\all project\\nitebiz\\vendor\\laravel\\framework\\src\\Illuminate\\Foundation\\resources\\server.php(16): require_once('F:\\\\all project\\\\...')
#54 {main}
"} 
[2024-05-30 16:08:47] local.INFO: Visitor IP: 127.0.0.1  
[2024-05-30 16:08:47] local.INFO: Raw Location Data:  [false] 
[2024-05-30 16:10:12] local.ERROR: The file "F:\all project\nitebiz\database\maxmind/GeoLite2-City.mmdb" does not exist or is not readable. {"userId":1,"exception":"[object] (InvalidArgumentException(code: 0): The file \"F:\\all project\\nitebiz\\database\\maxmind/GeoLite2-City.mmdb\" does not exist or is not readable. at F:\\all project\\nitebiz\\vendor\\maxmind-db\\reader\\src\\MaxMind\\Db\\Reader.php:85)
[stacktrace]
#0 F:\\all project\\nitebiz\\vendor\\geoip2\\geoip2\\src\\Database\\Reader.php(76): MaxMind\\Db\\Reader->__construct('F:\\\\all project\\\\...')
#1 F:\\all project\\nitebiz\\vendor\\stevebauman\\location\\src\\Drivers\\MaxMind.php(163): GeoIp2\\Database\\Reader->__construct('F:\\\\all project\\\\...')
#2 F:\\all project\\nitebiz\\vendor\\stevebauman\\location\\src\\Drivers\\MaxMind.php(141): Stevebauman\\Location\\Drivers\\MaxMind->newReader('F:\\\\all project\\\\...')
#3 F:\\all project\\nitebiz\\vendor\\stevebauman\\location\\src\\Drivers\\MaxMind.php(108): Stevebauman\\Location\\Drivers\\MaxMind->fetchLocation('127.0.0.1')
#4 F:\\all project\\nitebiz\\vendor\\laravel\\framework\\src\\Illuminate\\Foundation\\helpers.php(741): Stevebauman\\Location\\Drivers\\MaxMind->Stevebauman\\Location\\Drivers\\{closure}()
#5 F:\\all project\\nitebiz\\vendor\\stevebauman\\location\\src\\Drivers\\MaxMind.php(129): rescue(Object(Closure), false)
#6 F:\\all project\\nitebiz\\vendor\\stevebauman\\location\\src\\Drivers\\Driver.php(33): Stevebauman\\Location\\Drivers\\MaxMind->process(Object(Stevebauman\\Location\\LocationRequest))
#7 F:\\all project\\nitebiz\\vendor\\stevebauman\\location\\src\\Drivers\\Driver.php(51): Stevebauman\\Location\\Drivers\\Driver->get(Object(Stevebauman\\Location\\LocationRequest))
#8 F:\\all project\\nitebiz\\vendor\\stevebauman\\location\\src\\Drivers\\Driver.php(51): Stevebauman\\Location\\Drivers\\Driver->get(Object(Stevebauman\\Location\\LocationRequest))
#9 F:\\all project\\nitebiz\\vendor\\stevebauman\\location\\src\\Drivers\\Driver.php(51): Stevebauman\\Location\\Drivers\\Driver->get(Object(Stevebauman\\Location\\LocationRequest))
#10 F:\\all project\\nitebiz\\vendor\\stevebauman\\location\\src\\Drivers\\Driver.php(51): Stevebauman\\Location\\Drivers\\Driver->get(Object(Stevebauman\\Location\\LocationRequest))
#11 F:\\all project\\nitebiz\\vendor\\stevebauman\\location\\src\\LocationManager.php(72): Stevebauman\\Location\\Drivers\\Driver->get(Object(Stevebauman\\Location\\LocationRequest))
#12 F:\\all project\\nitebiz\\vendor\\laravel\\framework\\src\\Illuminate\\Support\\Facades\\Facade.php(355): Stevebauman\\Location\\LocationManager->get('127.0.0.1')
#13 F:\\all project\\nitebiz\\app\\Http\\Middleware\\VisitorCounter.php(24): Illuminate\\Support\\Facades\\Facade::__callStatic('get', Array)
#14 F:\\all project\\nitebiz\\vendor\\laravel\\framework\\src\\Illuminate\\Pipeline\\Pipeline.php(183): App\\Http\\Middleware\\VisitorCounter->handle(Object(Illuminate\\Http\\Request), Object(Closure))
#15 F:\\all project\\nitebiz\\vendor\\laravel\\framework\\src\\Illuminate\\Routing\\Middleware\\SubstituteBindings.php(50): Illuminate\\Pipeline\\Pipeline->Illuminate\\Pipeline\\{closure}(Object(Illuminate\\Http\\Request))
#16 F:\\all project\\nitebiz\\vendor\\laravel\\framework\\src\\Illuminate\\Pipeline\\Pipeline.php(183): Illuminate\\Routing\\Middleware\\SubstituteBindings->handle(Object(Illuminate\\Http\\Request), Object(Closure))
#17 F:\\all project\\nitebiz\\vendor\\laravel\\framework\\src\\Illuminate\\Foundation\\Http\\Middleware\\VerifyCsrfToken.php(78): Illuminate\\Pipeline\\Pipeline->Illuminate\\Pipeline\\{closure}(Object(Illuminate\\Http\\Request))
#18 F:\\all project\\nitebiz\\vendor\\laravel\\framework\\src\\Illuminate\\Pipeline\\Pipeline.php(183): Illuminate\\Foundation\\Http\\Middleware\\VerifyCsrfToken->handle(Object(Illuminate\\Http\\Request), Object(Closure))
#19 F:\\all project\\nitebiz\\vendor\\laravel\\framework\\src\\Illuminate\\View\\Middleware\\ShareErrorsFromSession.php(49): Illuminate\\Pipeline\\Pipeline->Illuminate\\Pipeline\\{closure}(Object(Illuminate\\Http\\Request))
#20 F:\\all project\\nitebiz\\vendor\\laravel\\framework\\src\\Illuminate\\Pipeline\\Pipeline.php(183): Illuminate\\View\\Middleware\\ShareErrorsFromSession->handle(Object(Illuminate\\Http\\Request), Object(Closure))
#21 F:\\all project\\nitebiz\\vendor\\laravel\\framework\\src\\Illuminate\\Session\\Middleware\\StartSession.php(121): Illuminate\\Pipeline\\Pipeline->Illuminate\\Pipeline\\{closure}(Object(Illuminate\\Http\\Request))
#22 F:\\all project\\nitebiz\\vendor\\laravel\\framework\\src\\Illuminate\\Session\\Middleware\\StartSession.php(64): Illuminate\\Session\\Middleware\\StartSession->handleStatefulRequest(Object(Illuminate\\Http\\Request), Object(Illuminate\\Session\\Store), Object(Closure))
#23 F:\\all project\\nitebiz\\vendor\\laravel\\framework\\src\\Illuminate\\Pipeline\\Pipeline.php(183): Illuminate\\Session\\Middleware\\StartSession->handle(Object(Illuminate\\Http\\Request), Object(Closure))
#24 F:\\all project\\nitebiz\\vendor\\laravel\\framework\\src\\Illuminate\\Cookie\\Middleware\\AddQueuedCookiesToResponse.php(37): Illuminate\\Pipeline\\Pipeline->Illuminate\\Pipeline\\{closure}(Object(Illuminate\\Http\\Request))
#25 F:\\all project\\nitebiz\\vendor\\laravel\\framework\\src\\Illuminate\\Pipeline\\Pipeline.php(183): Illuminate\\Cookie\\Middleware\\AddQueuedCookiesToResponse->handle(Object(Illuminate\\Http\\Request), Object(Closure))
#26 F:\\all project\\nitebiz\\vendor\\laravel\\framework\\src\\Illuminate\\Cookie\\Middleware\\EncryptCookies.php(67): Illuminate\\Pipeline\\Pipeline->Illuminate\\Pipeline\\{closure}(Object(Illuminate\\Http\\Request))
#27 F:\\all project\\nitebiz\\vendor\\laravel\\framework\\src\\Illuminate\\Pipeline\\Pipeline.php(183): Illuminate\\Cookie\\Middleware\\EncryptCookies->handle(Object(Illuminate\\Http\\Request), Object(Closure))
#28 F:\\all project\\nitebiz\\vendor\\laravel\\framework\\src\\Illuminate\\Pipeline\\Pipeline.php(119): Illuminate\\Pipeline\\Pipeline->Illuminate\\Pipeline\\{closure}(Object(Illuminate\\Http\\Request))
#29 F:\\all project\\nitebiz\\vendor\\laravel\\framework\\src\\Illuminate\\Routing\\Router.php(807): Illuminate\\Pipeline\\Pipeline->then(Object(Closure))
#30 F:\\all project\\nitebiz\\vendor\\laravel\\framework\\src\\Illuminate\\Routing\\Router.php(784): Illuminate\\Routing\\Router->runRouteWithinStack(Object(Illuminate\\Routing\\Route), Object(Illuminate\\Http\\Request))
#31 F:\\all project\\nitebiz\\vendor\\laravel\\framework\\src\\Illuminate\\Routing\\Router.php(748): Illuminate\\Routing\\Router->runRoute(Object(Illuminate\\Http\\Request), Object(Illuminate\\Routing\\Route))
#32 F:\\all project\\nitebiz\\vendor\\laravel\\framework\\src\\Illuminate\\Routing\\Router.php(737): Illuminate\\Routing\\Router->dispatchToRoute(Object(Illuminate\\Http\\Request))
#33 F:\\all project\\nitebiz\\vendor\\laravel\\framework\\src\\Illuminate\\Foundation\\Http\\Kernel.php(200): Illuminate\\Routing\\Router->dispatch(Object(Illuminate\\Http\\Request))
#34 F:\\all project\\nitebiz\\vendor\\laravel\\framework\\src\\Illuminate\\Pipeline\\Pipeline.php(144): Illuminate\\Foundation\\Http\\Kernel->Illuminate\\Foundation\\Http\\{closure}(Object(Illuminate\\Http\\Request))
#35 F:\\all project\\nitebiz\\vendor\\laravel\\framework\\src\\Illuminate\\Foundation\\Http\\Middleware\\TransformsRequest.php(21): Illuminate\\Pipeline\\Pipeline->Illuminate\\Pipeline\\{closure}(Object(Illuminate\\Http\\Request))
#36 F:\\all project\\nitebiz\\vendor\\laravel\\framework\\src\\Illuminate\\Foundation\\Http\\Middleware\\ConvertEmptyStringsToNull.php(31): Illuminate\\Foundation\\Http\\Middleware\\TransformsRequest->handle(Object(Illuminate\\Http\\Request), Object(Closure))
#37 F:\\all project\\nitebiz\\vendor\\laravel\\framework\\src\\Illuminate\\Pipeline\\Pipeline.php(183): Illuminate\\Foundation\\Http\\Middleware\\ConvertEmptyStringsToNull->handle(Object(Illuminate\\Http\\Request), Object(Closure))
#38 F:\\all project\\nitebiz\\vendor\\laravel\\framework\\src\\Illuminate\\Foundation\\Http\\Middleware\\TransformsRequest.php(21): Illuminate\\Pipeline\\Pipeline->Illuminate\\Pipeline\\{closure}(Object(Illuminate\\Http\\Request))
#39 F:\\all project\\nitebiz\\vendor\\laravel\\framework\\src\\Illuminate\\Foundation\\Http\\Middleware\\TrimStrings.php(40): Illuminate\\Foundation\\Http\\Middleware\\TransformsRequest->handle(Object(Illuminate\\Http\\Request), Object(Closure))
#40 F:\\all project\\nitebiz\\vendor\\laravel\\framework\\src\\Illuminate\\Pipeline\\Pipeline.php(183): Illuminate\\Foundation\\Http\\Middleware\\TrimStrings->handle(Object(Illuminate\\Http\\Request), Object(Closure))
#41 F:\\all project\\nitebiz\\vendor\\laravel\\framework\\src\\Illuminate\\Foundation\\Http\\Middleware\\ValidatePostSize.php(27): Illuminate\\Pipeline\\Pipeline->Illuminate\\Pipeline\\{closure}(Object(Illuminate\\Http\\Request))
#42 F:\\all project\\nitebiz\\vendor\\laravel\\framework\\src\\Illuminate\\Pipeline\\Pipeline.php(183): Illuminate\\Foundation\\Http\\Middleware\\ValidatePostSize->handle(Object(Illuminate\\Http\\Request), Object(Closure))
#43 F:\\all project\\nitebiz\\vendor\\laravel\\framework\\src\\Illuminate\\Foundation\\Http\\Middleware\\PreventRequestsDuringMaintenance.php(99): Illuminate\\Pipeline\\Pipeline->Illuminate\\Pipeline\\{closure}(Object(Illuminate\\Http\\Request))
#44 F:\\all project\\nitebiz\\vendor\\laravel\\framework\\src\\Illuminate\\Pipeline\\Pipeline.php(183): Illuminate\\Foundation\\Http\\Middleware\\PreventRequestsDuringMaintenance->handle(Object(Illuminate\\Http\\Request), Object(Closure))
#45 F:\\all project\\nitebiz\\vendor\\laravel\\framework\\src\\Illuminate\\Http\\Middleware\\HandleCors.php(49): Illuminate\\Pipeline\\Pipeline->Illuminate\\Pipeline\\{closure}(Object(Illuminate\\Http\\Request))
#46 F:\\all project\\nitebiz\\vendor\\laravel\\framework\\src\\Illuminate\\Pipeline\\Pipeline.php(183): Illuminate\\Http\\Middleware\\HandleCors->handle(Object(Illuminate\\Http\\Request), Object(Closure))
#47 F:\\all project\\nitebiz\\vendor\\laravel\\framework\\src\\Illuminate\\Http\\Middleware\\TrustProxies.php(39): Illuminate\\Pipeline\\Pipeline->Illuminate\\Pipeline\\{closure}(Object(Illuminate\\Http\\Request))
#48 F:\\all project\\nitebiz\\vendor\\laravel\\framework\\src\\Illuminate\\Pipeline\\Pipeline.php(183): Illuminate\\Http\\Middleware\\TrustProxies->handle(Object(Illuminate\\Http\\Request), Object(Closure))
#49 F:\\all project\\nitebiz\\vendor\\laravel\\framework\\src\\Illuminate\\Pipeline\\Pipeline.php(119): Illuminate\\Pipeline\\Pipeline->Illuminate\\Pipeline\\{closure}(Object(Illuminate\\Http\\Request))
#50 F:\\all project\\nitebiz\\vendor\\laravel\\framework\\src\\Illuminate\\Foundation\\Http\\Kernel.php(175): Illuminate\\Pipeline\\Pipeline->then(Object(Closure))
#51 F:\\all project\\nitebiz\\vendor\\laravel\\framework\\src\\Illuminate\\Foundation\\Http\\Kernel.php(144): Illuminate\\Foundation\\Http\\Kernel->sendRequestThroughRouter(Object(Illuminate\\Http\\Request))
#52 F:\\all project\\nitebiz\\public\\index.php(52): Illuminate\\Foundation\\Http\\Kernel->handle(Object(Illuminate\\Http\\Request))
#53 F:\\all project\\nitebiz\\vendor\\laravel\\framework\\src\\Illuminate\\Foundation\\resources\\server.php(16): require_once('F:\\\\all project\\\\...')
#54 {main}
"} 
[2024-05-30 16:10:12] local.INFO: Visitor IP: 127.0.0.1  
[2024-05-30 16:10:12] local.INFO: Raw Location Data:  [false] 
[2024-05-30 16:13:01] local.ERROR: The file "F:\all project\nitebiz\database\maxmind/GeoLite2-City.mmdb" does not exist or is not readable. {"userId":1,"exception":"[object] (InvalidArgumentException(code: 0): The file \"F:\\all project\\nitebiz\\database\\maxmind/GeoLite2-City.mmdb\" does not exist or is not readable. at F:\\all project\\nitebiz\\vendor\\maxmind-db\\reader\\src\\MaxMind\\Db\\Reader.php:85)
[stacktrace]
#0 F:\\all project\\nitebiz\\vendor\\geoip2\\geoip2\\src\\Database\\Reader.php(76): MaxMind\\Db\\Reader->__construct('F:\\\\all project\\\\...')
#1 F:\\all project\\nitebiz\\vendor\\stevebauman\\location\\src\\Drivers\\MaxMind.php(163): GeoIp2\\Database\\Reader->__construct('F:\\\\all project\\\\...')
#2 F:\\all project\\nitebiz\\vendor\\stevebauman\\location\\src\\Drivers\\MaxMind.php(141): Stevebauman\\Location\\Drivers\\MaxMind->newReader('F:\\\\all project\\\\...')
#3 F:\\all project\\nitebiz\\vendor\\stevebauman\\location\\src\\Drivers\\MaxMind.php(108): Stevebauman\\Location\\Drivers\\MaxMind->fetchLocation('127.0.0.1')
#4 F:\\all project\\nitebiz\\vendor\\laravel\\framework\\src\\Illuminate\\Foundation\\helpers.php(741): Stevebauman\\Location\\Drivers\\MaxMind->Stevebauman\\Location\\Drivers\\{closure}()
#5 F:\\all project\\nitebiz\\vendor\\stevebauman\\location\\src\\Drivers\\MaxMind.php(129): rescue(Object(Closure), false)
#6 F:\\all project\\nitebiz\\vendor\\stevebauman\\location\\src\\Drivers\\Driver.php(33): Stevebauman\\Location\\Drivers\\MaxMind->process(Object(Stevebauman\\Location\\LocationRequest))
#7 F:\\all project\\nitebiz\\vendor\\stevebauman\\location\\src\\Drivers\\Driver.php(51): Stevebauman\\Location\\Drivers\\Driver->get(Object(Stevebauman\\Location\\LocationRequest))
#8 F:\\all project\\nitebiz\\vendor\\stevebauman\\location\\src\\Drivers\\Driver.php(51): Stevebauman\\Location\\Drivers\\Driver->get(Object(Stevebauman\\Location\\LocationRequest))
#9 F:\\all project\\nitebiz\\vendor\\stevebauman\\location\\src\\Drivers\\Driver.php(51): Stevebauman\\Location\\Drivers\\Driver->get(Object(Stevebauman\\Location\\LocationRequest))
#10 F:\\all project\\nitebiz\\vendor\\stevebauman\\location\\src\\Drivers\\Driver.php(51): Stevebauman\\Location\\Drivers\\Driver->get(Object(Stevebauman\\Location\\LocationRequest))
#11 F:\\all project\\nitebiz\\vendor\\stevebauman\\location\\src\\LocationManager.php(72): Stevebauman\\Location\\Drivers\\Driver->get(Object(Stevebauman\\Location\\LocationRequest))
#12 F:\\all project\\nitebiz\\vendor\\laravel\\framework\\src\\Illuminate\\Support\\Facades\\Facade.php(355): Stevebauman\\Location\\LocationManager->get('127.0.0.1')
#13 F:\\all project\\nitebiz\\app\\Http\\Middleware\\VisitorCounter.php(24): Illuminate\\Support\\Facades\\Facade::__callStatic('get', Array)
#14 F:\\all project\\nitebiz\\vendor\\laravel\\framework\\src\\Illuminate\\Pipeline\\Pipeline.php(183): App\\Http\\Middleware\\VisitorCounter->handle(Object(Illuminate\\Http\\Request), Object(Closure))
#15 F:\\all project\\nitebiz\\vendor\\laravel\\framework\\src\\Illuminate\\Routing\\Middleware\\SubstituteBindings.php(50): Illuminate\\Pipeline\\Pipeline->Illuminate\\Pipeline\\{closure}(Object(Illuminate\\Http\\Request))
#16 F:\\all project\\nitebiz\\vendor\\laravel\\framework\\src\\Illuminate\\Pipeline\\Pipeline.php(183): Illuminate\\Routing\\Middleware\\SubstituteBindings->handle(Object(Illuminate\\Http\\Request), Object(Closure))
#17 F:\\all project\\nitebiz\\vendor\\laravel\\framework\\src\\Illuminate\\Foundation\\Http\\Middleware\\VerifyCsrfToken.php(78): Illuminate\\Pipeline\\Pipeline->Illuminate\\Pipeline\\{closure}(Object(Illuminate\\Http\\Request))
#18 F:\\all project\\nitebiz\\vendor\\laravel\\framework\\src\\Illuminate\\Pipeline\\Pipeline.php(183): Illuminate\\Foundation\\Http\\Middleware\\VerifyCsrfToken->handle(Object(Illuminate\\Http\\Request), Object(Closure))
#19 F:\\all project\\nitebiz\\vendor\\laravel\\framework\\src\\Illuminate\\View\\Middleware\\ShareErrorsFromSession.php(49): Illuminate\\Pipeline\\Pipeline->Illuminate\\Pipeline\\{closure}(Object(Illuminate\\Http\\Request))
#20 F:\\all project\\nitebiz\\vendor\\laravel\\framework\\src\\Illuminate\\Pipeline\\Pipeline.php(183): Illuminate\\View\\Middleware\\ShareErrorsFromSession->handle(Object(Illuminate\\Http\\Request), Object(Closure))
#21 F:\\all project\\nitebiz\\vendor\\laravel\\framework\\src\\Illuminate\\Session\\Middleware\\StartSession.php(121): Illuminate\\Pipeline\\Pipeline->Illuminate\\Pipeline\\{closure}(Object(Illuminate\\Http\\Request))
#22 F:\\all project\\nitebiz\\vendor\\laravel\\framework\\src\\Illuminate\\Session\\Middleware\\StartSession.php(64): Illuminate\\Session\\Middleware\\StartSession->handleStatefulRequest(Object(Illuminate\\Http\\Request), Object(Illuminate\\Session\\Store), Object(Closure))
#23 F:\\all project\\nitebiz\\vendor\\laravel\\framework\\src\\Illuminate\\Pipeline\\Pipeline.php(183): Illuminate\\Session\\Middleware\\StartSession->handle(Object(Illuminate\\Http\\Request), Object(Closure))
#24 F:\\all project\\nitebiz\\vendor\\laravel\\framework\\src\\Illuminate\\Cookie\\Middleware\\AddQueuedCookiesToResponse.php(37): Illuminate\\Pipeline\\Pipeline->Illuminate\\Pipeline\\{closure}(Object(Illuminate\\Http\\Request))
#25 F:\\all project\\nitebiz\\vendor\\laravel\\framework\\src\\Illuminate\\Pipeline\\Pipeline.php(183): Illuminate\\Cookie\\Middleware\\AddQueuedCookiesToResponse->handle(Object(Illuminate\\Http\\Request), Object(Closure))
#26 F:\\all project\\nitebiz\\vendor\\laravel\\framework\\src\\Illuminate\\Cookie\\Middleware\\EncryptCookies.php(67): Illuminate\\Pipeline\\Pipeline->Illuminate\\Pipeline\\{closure}(Object(Illuminate\\Http\\Request))
#27 F:\\all project\\nitebiz\\vendor\\laravel\\framework\\src\\Illuminate\\Pipeline\\Pipeline.php(183): Illuminate\\Cookie\\Middleware\\EncryptCookies->handle(Object(Illuminate\\Http\\Request), Object(Closure))
#28 F:\\all project\\nitebiz\\vendor\\laravel\\framework\\src\\Illuminate\\Pipeline\\Pipeline.php(119): Illuminate\\Pipeline\\Pipeline->Illuminate\\Pipeline\\{closure}(Object(Illuminate\\Http\\Request))
#29 F:\\all project\\nitebiz\\vendor\\laravel\\framework\\src\\Illuminate\\Routing\\Router.php(807): Illuminate\\Pipeline\\Pipeline->then(Object(Closure))
#30 F:\\all project\\nitebiz\\vendor\\laravel\\framework\\src\\Illuminate\\Routing\\Router.php(784): Illuminate\\Routing\\Router->runRouteWithinStack(Object(Illuminate\\Routing\\Route), Object(Illuminate\\Http\\Request))
#31 F:\\all project\\nitebiz\\vendor\\laravel\\framework\\src\\Illuminate\\Routing\\Router.php(748): Illuminate\\Routing\\Router->runRoute(Object(Illuminate\\Http\\Request), Object(Illuminate\\Routing\\Route))
#32 F:\\all project\\nitebiz\\vendor\\laravel\\framework\\src\\Illuminate\\Routing\\Router.php(737): Illuminate\\Routing\\Router->dispatchToRoute(Object(Illuminate\\Http\\Request))
#33 F:\\all project\\nitebiz\\vendor\\laravel\\framework\\src\\Illuminate\\Foundation\\Http\\Kernel.php(200): Illuminate\\Routing\\Router->dispatch(Object(Illuminate\\Http\\Request))
#34 F:\\all project\\nitebiz\\vendor\\laravel\\framework\\src\\Illuminate\\Pipeline\\Pipeline.php(144): Illuminate\\Foundation\\Http\\Kernel->Illuminate\\Foundation\\Http\\{closure}(Object(Illuminate\\Http\\Request))
#35 F:\\all project\\nitebiz\\vendor\\laravel\\framework\\src\\Illuminate\\Foundation\\Http\\Middleware\\TransformsRequest.php(21): Illuminate\\Pipeline\\Pipeline->Illuminate\\Pipeline\\{closure}(Object(Illuminate\\Http\\Request))
#36 F:\\all project\\nitebiz\\vendor\\laravel\\framework\\src\\Illuminate\\Foundation\\Http\\Middleware\\ConvertEmptyStringsToNull.php(31): Illuminate\\Foundation\\Http\\Middleware\\TransformsRequest->handle(Object(Illuminate\\Http\\Request), Object(Closure))
#37 F:\\all project\\nitebiz\\vendor\\laravel\\framework\\src\\Illuminate\\Pipeline\\Pipeline.php(183): Illuminate\\Foundation\\Http\\Middleware\\ConvertEmptyStringsToNull->handle(Object(Illuminate\\Http\\Request), Object(Closure))
#38 F:\\all project\\nitebiz\\vendor\\laravel\\framework\\src\\Illuminate\\Foundation\\Http\\Middleware\\TransformsRequest.php(21): Illuminate\\Pipeline\\Pipeline->Illuminate\\Pipeline\\{closure}(Object(Illuminate\\Http\\Request))
#39 F:\\all project\\nitebiz\\vendor\\laravel\\framework\\src\\Illuminate\\Foundation\\Http\\Middleware\\TrimStrings.php(40): Illuminate\\Foundation\\Http\\Middleware\\TransformsRequest->handle(Object(Illuminate\\Http\\Request), Object(Closure))
#40 F:\\all project\\nitebiz\\vendor\\laravel\\framework\\src\\Illuminate\\Pipeline\\Pipeline.php(183): Illuminate\\Foundation\\Http\\Middleware\\TrimStrings->handle(Object(Illuminate\\Http\\Request), Object(Closure))
#41 F:\\all project\\nitebiz\\vendor\\laravel\\framework\\src\\Illuminate\\Foundation\\Http\\Middleware\\ValidatePostSize.php(27): Illuminate\\Pipeline\\Pipeline->Illuminate\\Pipeline\\{closure}(Object(Illuminate\\Http\\Request))
#42 F:\\all project\\nitebiz\\vendor\\laravel\\framework\\src\\Illuminate\\Pipeline\\Pipeline.php(183): Illuminate\\Foundation\\Http\\Middleware\\ValidatePostSize->handle(Object(Illuminate\\Http\\Request), Object(Closure))
#43 F:\\all project\\nitebiz\\vendor\\laravel\\framework\\src\\Illuminate\\Foundation\\Http\\Middleware\\PreventRequestsDuringMaintenance.php(99): Illuminate\\Pipeline\\Pipeline->Illuminate\\Pipeline\\{closure}(Object(Illuminate\\Http\\Request))
#44 F:\\all project\\nitebiz\\vendor\\laravel\\framework\\src\\Illuminate\\Pipeline\\Pipeline.php(183): Illuminate\\Foundation\\Http\\Middleware\\PreventRequestsDuringMaintenance->handle(Object(Illuminate\\Http\\Request), Object(Closure))
#45 F:\\all project\\nitebiz\\vendor\\laravel\\framework\\src\\Illuminate\\Http\\Middleware\\HandleCors.php(49): Illuminate\\Pipeline\\Pipeline->Illuminate\\Pipeline\\{closure}(Object(Illuminate\\Http\\Request))
#46 F:\\all project\\nitebiz\\vendor\\laravel\\framework\\src\\Illuminate\\Pipeline\\Pipeline.php(183): Illuminate\\Http\\Middleware\\HandleCors->handle(Object(Illuminate\\Http\\Request), Object(Closure))
#47 F:\\all project\\nitebiz\\vendor\\laravel\\framework\\src\\Illuminate\\Http\\Middleware\\TrustProxies.php(39): Illuminate\\Pipeline\\Pipeline->Illuminate\\Pipeline\\{closure}(Object(Illuminate\\Http\\Request))
#48 F:\\all project\\nitebiz\\vendor\\laravel\\framework\\src\\Illuminate\\Pipeline\\Pipeline.php(183): Illuminate\\Http\\Middleware\\TrustProxies->handle(Object(Illuminate\\Http\\Request), Object(Closure))
#49 F:\\all project\\nitebiz\\vendor\\laravel\\framework\\src\\Illuminate\\Pipeline\\Pipeline.php(119): Illuminate\\Pipeline\\Pipeline->Illuminate\\Pipeline\\{closure}(Object(Illuminate\\Http\\Request))
#50 F:\\all project\\nitebiz\\vendor\\laravel\\framework\\src\\Illuminate\\Foundation\\Http\\Kernel.php(175): Illuminate\\Pipeline\\Pipeline->then(Object(Closure))
#51 F:\\all project\\nitebiz\\vendor\\laravel\\framework\\src\\Illuminate\\Foundation\\Http\\Kernel.php(144): Illuminate\\Foundation\\Http\\Kernel->sendRequestThroughRouter(Object(Illuminate\\Http\\Request))
#52 F:\\all project\\nitebiz\\public\\index.php(52): Illuminate\\Foundation\\Http\\Kernel->handle(Object(Illuminate\\Http\\Request))
#53 F:\\all project\\nitebiz\\vendor\\laravel\\framework\\src\\Illuminate\\Foundation\\resources\\server.php(16): require_once('F:\\\\all project\\\\...')
#54 {main}
"} 
[2024-05-30 16:13:01] local.INFO: Visitor IP: 127.0.0.1  
[2024-05-30 16:13:01] local.INFO: Raw Location Data:  [false] 
[2024-05-30 16:17:14] local.ERROR: The file "F:\all project\nitebiz\database\maxmind/GeoLite2-City.mmdb" does not exist or is not readable. {"userId":1,"exception":"[object] (InvalidArgumentException(code: 0): The file \"F:\\all project\\nitebiz\\database\\maxmind/GeoLite2-City.mmdb\" does not exist or is not readable. at F:\\all project\\nitebiz\\vendor\\maxmind-db\\reader\\src\\MaxMind\\Db\\Reader.php:85)
[stacktrace]
#0 F:\\all project\\nitebiz\\vendor\\geoip2\\geoip2\\src\\Database\\Reader.php(76): MaxMind\\Db\\Reader->__construct('F:\\\\all project\\\\...')
#1 F:\\all project\\nitebiz\\vendor\\stevebauman\\location\\src\\Drivers\\MaxMind.php(163): GeoIp2\\Database\\Reader->__construct('F:\\\\all project\\\\...')
#2 F:\\all project\\nitebiz\\vendor\\stevebauman\\location\\src\\Drivers\\MaxMind.php(141): Stevebauman\\Location\\Drivers\\MaxMind->newReader('F:\\\\all project\\\\...')
#3 F:\\all project\\nitebiz\\vendor\\stevebauman\\location\\src\\Drivers\\MaxMind.php(108): Stevebauman\\Location\\Drivers\\MaxMind->fetchLocation('127.0.0.1')
#4 F:\\all project\\nitebiz\\vendor\\laravel\\framework\\src\\Illuminate\\Foundation\\helpers.php(741): Stevebauman\\Location\\Drivers\\MaxMind->Stevebauman\\Location\\Drivers\\{closure}()
#5 F:\\all project\\nitebiz\\vendor\\stevebauman\\location\\src\\Drivers\\MaxMind.php(129): rescue(Object(Closure), false)
#6 F:\\all project\\nitebiz\\vendor\\stevebauman\\location\\src\\Drivers\\Driver.php(33): Stevebauman\\Location\\Drivers\\MaxMind->process(Object(Stevebauman\\Location\\LocationRequest))
#7 F:\\all project\\nitebiz\\vendor\\stevebauman\\location\\src\\Drivers\\Driver.php(51): Stevebauman\\Location\\Drivers\\Driver->get(Object(Stevebauman\\Location\\LocationRequest))
#8 F:\\all project\\nitebiz\\vendor\\stevebauman\\location\\src\\Drivers\\Driver.php(51): Stevebauman\\Location\\Drivers\\Driver->get(Object(Stevebauman\\Location\\LocationRequest))
#9 F:\\all project\\nitebiz\\vendor\\stevebauman\\location\\src\\Drivers\\Driver.php(51): Stevebauman\\Location\\Drivers\\Driver->get(Object(Stevebauman\\Location\\LocationRequest))
#10 F:\\all project\\nitebiz\\vendor\\stevebauman\\location\\src\\Drivers\\Driver.php(51): Stevebauman\\Location\\Drivers\\Driver->get(Object(Stevebauman\\Location\\LocationRequest))
#11 F:\\all project\\nitebiz\\vendor\\stevebauman\\location\\src\\LocationManager.php(72): Stevebauman\\Location\\Drivers\\Driver->get(Object(Stevebauman\\Location\\LocationRequest))
#12 F:\\all project\\nitebiz\\vendor\\laravel\\framework\\src\\Illuminate\\Support\\Facades\\Facade.php(355): Stevebauman\\Location\\LocationManager->get('127.0.0.1')
#13 F:\\all project\\nitebiz\\app\\Http\\Middleware\\VisitorCounter.php(24): Illuminate\\Support\\Facades\\Facade::__callStatic('get', Array)
#14 F:\\all project\\nitebiz\\vendor\\laravel\\framework\\src\\Illuminate\\Pipeline\\Pipeline.php(183): App\\Http\\Middleware\\VisitorCounter->handle(Object(Illuminate\\Http\\Request), Object(Closure))
#15 F:\\all project\\nitebiz\\vendor\\laravel\\framework\\src\\Illuminate\\Routing\\Middleware\\SubstituteBindings.php(50): Illuminate\\Pipeline\\Pipeline->Illuminate\\Pipeline\\{closure}(Object(Illuminate\\Http\\Request))
#16 F:\\all project\\nitebiz\\vendor\\laravel\\framework\\src\\Illuminate\\Pipeline\\Pipeline.php(183): Illuminate\\Routing\\Middleware\\SubstituteBindings->handle(Object(Illuminate\\Http\\Request), Object(Closure))
#17 F:\\all project\\nitebiz\\vendor\\laravel\\framework\\src\\Illuminate\\Foundation\\Http\\Middleware\\VerifyCsrfToken.php(78): Illuminate\\Pipeline\\Pipeline->Illuminate\\Pipeline\\{closure}(Object(Illuminate\\Http\\Request))
#18 F:\\all project\\nitebiz\\vendor\\laravel\\framework\\src\\Illuminate\\Pipeline\\Pipeline.php(183): Illuminate\\Foundation\\Http\\Middleware\\VerifyCsrfToken->handle(Object(Illuminate\\Http\\Request), Object(Closure))
#19 F:\\all project\\nitebiz\\vendor\\laravel\\framework\\src\\Illuminate\\View\\Middleware\\ShareErrorsFromSession.php(49): Illuminate\\Pipeline\\Pipeline->Illuminate\\Pipeline\\{closure}(Object(Illuminate\\Http\\Request))
#20 F:\\all project\\nitebiz\\vendor\\laravel\\framework\\src\\Illuminate\\Pipeline\\Pipeline.php(183): Illuminate\\View\\Middleware\\ShareErrorsFromSession->handle(Object(Illuminate\\Http\\Request), Object(Closure))
#21 F:\\all project\\nitebiz\\vendor\\laravel\\framework\\src\\Illuminate\\Session\\Middleware\\StartSession.php(121): Illuminate\\Pipeline\\Pipeline->Illuminate\\Pipeline\\{closure}(Object(Illuminate\\Http\\Request))
#22 F:\\all project\\nitebiz\\vendor\\laravel\\framework\\src\\Illuminate\\Session\\Middleware\\StartSession.php(64): Illuminate\\Session\\Middleware\\StartSession->handleStatefulRequest(Object(Illuminate\\Http\\Request), Object(Illuminate\\Session\\Store), Object(Closure))
#23 F:\\all project\\nitebiz\\vendor\\laravel\\framework\\src\\Illuminate\\Pipeline\\Pipeline.php(183): Illuminate\\Session\\Middleware\\StartSession->handle(Object(Illuminate\\Http\\Request), Object(Closure))
#24 F:\\all project\\nitebiz\\vendor\\laravel\\framework\\src\\Illuminate\\Cookie\\Middleware\\AddQueuedCookiesToResponse.php(37): Illuminate\\Pipeline\\Pipeline->Illuminate\\Pipeline\\{closure}(Object(Illuminate\\Http\\Request))
#25 F:\\all project\\nitebiz\\vendor\\laravel\\framework\\src\\Illuminate\\Pipeline\\Pipeline.php(183): Illuminate\\Cookie\\Middleware\\AddQueuedCookiesToResponse->handle(Object(Illuminate\\Http\\Request), Object(Closure))
#26 F:\\all project\\nitebiz\\vendor\\laravel\\framework\\src\\Illuminate\\Cookie\\Middleware\\EncryptCookies.php(67): Illuminate\\Pipeline\\Pipeline->Illuminate\\Pipeline\\{closure}(Object(Illuminate\\Http\\Request))
#27 F:\\all project\\nitebiz\\vendor\\laravel\\framework\\src\\Illuminate\\Pipeline\\Pipeline.php(183): Illuminate\\Cookie\\Middleware\\EncryptCookies->handle(Object(Illuminate\\Http\\Request), Object(Closure))
#28 F:\\all project\\nitebiz\\vendor\\laravel\\framework\\src\\Illuminate\\Pipeline\\Pipeline.php(119): Illuminate\\Pipeline\\Pipeline->Illuminate\\Pipeline\\{closure}(Object(Illuminate\\Http\\Request))
#29 F:\\all project\\nitebiz\\vendor\\laravel\\framework\\src\\Illuminate\\Routing\\Router.php(807): Illuminate\\Pipeline\\Pipeline->then(Object(Closure))
#30 F:\\all project\\nitebiz\\vendor\\laravel\\framework\\src\\Illuminate\\Routing\\Router.php(784): Illuminate\\Routing\\Router->runRouteWithinStack(Object(Illuminate\\Routing\\Route), Object(Illuminate\\Http\\Request))
#31 F:\\all project\\nitebiz\\vendor\\laravel\\framework\\src\\Illuminate\\Routing\\Router.php(748): Illuminate\\Routing\\Router->runRoute(Object(Illuminate\\Http\\Request), Object(Illuminate\\Routing\\Route))
#32 F:\\all project\\nitebiz\\vendor\\laravel\\framework\\src\\Illuminate\\Routing\\Router.php(737): Illuminate\\Routing\\Router->dispatchToRoute(Object(Illuminate\\Http\\Request))
#33 F:\\all project\\nitebiz\\vendor\\laravel\\framework\\src\\Illuminate\\Foundation\\Http\\Kernel.php(200): Illuminate\\Routing\\Router->dispatch(Object(Illuminate\\Http\\Request))
#34 F:\\all project\\nitebiz\\vendor\\laravel\\framework\\src\\Illuminate\\Pipeline\\Pipeline.php(144): Illuminate\\Foundation\\Http\\Kernel->Illuminate\\Foundation\\Http\\{closure}(Object(Illuminate\\Http\\Request))
#35 F:\\all project\\nitebiz\\vendor\\laravel\\framework\\src\\Illuminate\\Foundation\\Http\\Middleware\\TransformsRequest.php(21): Illuminate\\Pipeline\\Pipeline->Illuminate\\Pipeline\\{closure}(Object(Illuminate\\Http\\Request))
#36 F:\\all project\\nitebiz\\vendor\\laravel\\framework\\src\\Illuminate\\Foundation\\Http\\Middleware\\ConvertEmptyStringsToNull.php(31): Illuminate\\Foundation\\Http\\Middleware\\TransformsRequest->handle(Object(Illuminate\\Http\\Request), Object(Closure))
#37 F:\\all project\\nitebiz\\vendor\\laravel\\framework\\src\\Illuminate\\Pipeline\\Pipeline.php(183): Illuminate\\Foundation\\Http\\Middleware\\ConvertEmptyStringsToNull->handle(Object(Illuminate\\Http\\Request), Object(Closure))
#38 F:\\all project\\nitebiz\\vendor\\laravel\\framework\\src\\Illuminate\\Foundation\\Http\\Middleware\\TransformsRequest.php(21): Illuminate\\Pipeline\\Pipeline->Illuminate\\Pipeline\\{closure}(Object(Illuminate\\Http\\Request))
#39 F:\\all project\\nitebiz\\vendor\\laravel\\framework\\src\\Illuminate\\Foundation\\Http\\Middleware\\TrimStrings.php(40): Illuminate\\Foundation\\Http\\Middleware\\TransformsRequest->handle(Object(Illuminate\\Http\\Request), Object(Closure))
#40 F:\\all project\\nitebiz\\vendor\\laravel\\framework\\src\\Illuminate\\Pipeline\\Pipeline.php(183): Illuminate\\Foundation\\Http\\Middleware\\TrimStrings->handle(Object(Illuminate\\Http\\Request), Object(Closure))
#41 F:\\all project\\nitebiz\\vendor\\laravel\\framework\\src\\Illuminate\\Foundation\\Http\\Middleware\\ValidatePostSize.php(27): Illuminate\\Pipeline\\Pipeline->Illuminate\\Pipeline\\{closure}(Object(Illuminate\\Http\\Request))
#42 F:\\all project\\nitebiz\\vendor\\laravel\\framework\\src\\Illuminate\\Pipeline\\Pipeline.php(183): Illuminate\\Foundation\\Http\\Middleware\\ValidatePostSize->handle(Object(Illuminate\\Http\\Request), Object(Closure))
#43 F:\\all project\\nitebiz\\vendor\\laravel\\framework\\src\\Illuminate\\Foundation\\Http\\Middleware\\PreventRequestsDuringMaintenance.php(99): Illuminate\\Pipeline\\Pipeline->Illuminate\\Pipeline\\{closure}(Object(Illuminate\\Http\\Request))
#44 F:\\all project\\nitebiz\\vendor\\laravel\\framework\\src\\Illuminate\\Pipeline\\Pipeline.php(183): Illuminate\\Foundation\\Http\\Middleware\\PreventRequestsDuringMaintenance->handle(Object(Illuminate\\Http\\Request), Object(Closure))
#45 F:\\all project\\nitebiz\\vendor\\laravel\\framework\\src\\Illuminate\\Http\\Middleware\\HandleCors.php(49): Illuminate\\Pipeline\\Pipeline->Illuminate\\Pipeline\\{closure}(Object(Illuminate\\Http\\Request))
#46 F:\\all project\\nitebiz\\vendor\\laravel\\framework\\src\\Illuminate\\Pipeline\\Pipeline.php(183): Illuminate\\Http\\Middleware\\HandleCors->handle(Object(Illuminate\\Http\\Request), Object(Closure))
#47 F:\\all project\\nitebiz\\vendor\\laravel\\framework\\src\\Illuminate\\Http\\Middleware\\TrustProxies.php(39): Illuminate\\Pipeline\\Pipeline->Illuminate\\Pipeline\\{closure}(Object(Illuminate\\Http\\Request))
#48 F:\\all project\\nitebiz\\vendor\\laravel\\framework\\src\\Illuminate\\Pipeline\\Pipeline.php(183): Illuminate\\Http\\Middleware\\TrustProxies->handle(Object(Illuminate\\Http\\Request), Object(Closure))
#49 F:\\all project\\nitebiz\\vendor\\laravel\\framework\\src\\Illuminate\\Pipeline\\Pipeline.php(119): Illuminate\\Pipeline\\Pipeline->Illuminate\\Pipeline\\{closure}(Object(Illuminate\\Http\\Request))
#50 F:\\all project\\nitebiz\\vendor\\laravel\\framework\\src\\Illuminate\\Foundation\\Http\\Kernel.php(175): Illuminate\\Pipeline\\Pipeline->then(Object(Closure))
#51 F:\\all project\\nitebiz\\vendor\\laravel\\framework\\src\\Illuminate\\Foundation\\Http\\Kernel.php(144): Illuminate\\Foundation\\Http\\Kernel->sendRequestThroughRouter(Object(Illuminate\\Http\\Request))
#52 F:\\all project\\nitebiz\\public\\index.php(52): Illuminate\\Foundation\\Http\\Kernel->handle(Object(Illuminate\\Http\\Request))
#53 F:\\all project\\nitebiz\\vendor\\laravel\\framework\\src\\Illuminate\\Foundation\\resources\\server.php(16): require_once('F:\\\\all project\\\\...')
#54 {main}
"} 
[2024-05-30 16:17:14] local.INFO: Visitor IP: 127.0.0.1  
[2024-05-30 16:17:14] local.INFO: Raw Location Data:  [false] 
